2022-08-30 00:00:10.401 DEBUG 18964 --- [DiscoveryClient-HeartbeatExecutor-0] o.s.web.client.RestTemplate              : HTTP PUT http://localhost:9190/eureka/apps/CLINIC-APPLICATION/host.docker.internal:clinic-application:8280?status=UP&lastDirtyTimestamp=1661796158965
2022-08-30 00:00:10.414 DEBUG 18964 --- [DiscoveryClient-HeartbeatExecutor-0] o.s.web.client.RestTemplate              : Accept=[application/json, application/*+json]
2022-08-30 00:00:10.417 DEBUG 18964 --- [DiscoveryClient-HeartbeatExecutor-0] o.s.web.client.RestTemplate              : Response 200 OK
2022-08-30 00:00:10.419 DEBUG 18964 --- [DiscoveryClient-CacheRefreshExecutor-0] o.s.web.client.RestTemplate              : HTTP GET http://localhost:9190/eureka/apps/delta
2022-08-30 00:00:10.427 DEBUG 18964 --- [DiscoveryClient-CacheRefreshExecutor-0] o.s.web.client.RestTemplate              : Accept=[application/json, application/*+json]
2022-08-30 00:00:10.430 DEBUG 18964 --- [DiscoveryClient-CacheRefreshExecutor-0] o.s.web.client.RestTemplate              : Response 200 OK
2022-08-30 00:00:10.430 DEBUG 18964 --- [DiscoveryClient-CacheRefreshExecutor-0] o.s.web.client.RestTemplate              : Reading to [org.springframework.cloud.netflix.eureka.http.EurekaApplications]
2022-08-30 00:00:40.431 DEBUG 18964 --- [DiscoveryClient-HeartbeatExecutor-0] o.s.web.client.RestTemplate              : HTTP PUT http://localhost:9190/eureka/apps/CLINIC-APPLICATION/host.docker.internal:clinic-application:8280?status=UP&lastDirtyTimestamp=1661796158965
2022-08-30 00:00:40.432 DEBUG 18964 --- [DiscoveryClient-HeartbeatExecutor-0] o.s.web.client.RestTemplate              : Accept=[application/json, application/*+json]
2022-08-30 00:00:40.446 DEBUG 18964 --- [DiscoveryClient-CacheRefreshExecutor-0] o.s.web.client.RestTemplate              : HTTP GET http://localhost:9190/eureka/apps/delta
2022-08-30 00:00:40.447 DEBUG 18964 --- [DiscoveryClient-CacheRefreshExecutor-0] o.s.web.client.RestTemplate              : Accept=[application/json, application/*+json]
2022-08-30 00:00:40.448 DEBUG 18964 --- [DiscoveryClient-HeartbeatExecutor-0] o.s.web.client.RestTemplate              : Response 200 OK
2022-08-30 00:00:40.465 DEBUG 18964 --- [DiscoveryClient-CacheRefreshExecutor-0] o.s.web.client.RestTemplate              : Response 200 OK
2022-08-30 00:00:40.465 DEBUG 18964 --- [DiscoveryClient-CacheRefreshExecutor-0] o.s.web.client.RestTemplate              : Reading to [org.springframework.cloud.netflix.eureka.http.EurekaApplications]
2022-08-30 00:01:10.450 DEBUG 18964 --- [DiscoveryClient-HeartbeatExecutor-0] o.s.web.client.RestTemplate              : HTTP PUT http://localhost:9190/eureka/apps/CLINIC-APPLICATION/host.docker.internal:clinic-application:8280?status=UP&lastDirtyTimestamp=1661796158965
2022-08-30 00:01:10.451 DEBUG 18964 --- [DiscoveryClient-HeartbeatExecutor-0] o.s.web.client.RestTemplate              : Accept=[application/json, application/*+json]
2022-08-30 00:01:10.467 DEBUG 18964 --- [DiscoveryClient-HeartbeatExecutor-0] o.s.web.client.RestTemplate              : Response 200 OK
2022-08-30 00:01:10.468 DEBUG 18964 --- [DiscoveryClient-CacheRefreshExecutor-0] o.s.web.client.RestTemplate              : HTTP GET http://localhost:9190/eureka/apps/delta
2022-08-30 00:01:10.468 DEBUG 18964 --- [DiscoveryClient-CacheRefreshExecutor-0] o.s.web.client.RestTemplate              : Accept=[application/json, application/*+json]
2022-08-30 00:01:10.482 DEBUG 18964 --- [DiscoveryClient-CacheRefreshExecutor-0] o.s.web.client.RestTemplate              : Response 200 OK
2022-08-30 00:01:10.482 DEBUG 18964 --- [DiscoveryClient-CacheRefreshExecutor-0] o.s.web.client.RestTemplate              : Reading to [org.springframework.cloud.netflix.eureka.http.EurekaApplications]
2022-08-30 00:01:40.475 DEBUG 18964 --- [DiscoveryClient-HeartbeatExecutor-0] o.s.web.client.RestTemplate              : HTTP PUT http://localhost:9190/eureka/apps/CLINIC-APPLICATION/host.docker.internal:clinic-application:8280?status=UP&lastDirtyTimestamp=1661796158965
2022-08-30 00:01:40.479 DEBUG 18964 --- [DiscoveryClient-HeartbeatExecutor-0] o.s.web.client.RestTemplate              : Accept=[application/json, application/*+json]
2022-08-30 00:01:40.482 DEBUG 18964 --- [DiscoveryClient-HeartbeatExecutor-0] o.s.web.client.RestTemplate              : Response 200 OK
2022-08-30 00:01:40.487 DEBUG 18964 --- [DiscoveryClient-CacheRefreshExecutor-0] o.s.web.client.RestTemplate              : HTTP GET http://localhost:9190/eureka/apps/delta
2022-08-30 00:01:40.487 DEBUG 18964 --- [DiscoveryClient-CacheRefreshExecutor-0] o.s.web.client.RestTemplate              : Accept=[application/json, application/*+json]
2022-08-30 00:01:40.504 DEBUG 18964 --- [DiscoveryClient-CacheRefreshExecutor-0] o.s.web.client.RestTemplate              : Response 200 OK
2022-08-30 00:01:40.504 DEBUG 18964 --- [DiscoveryClient-CacheRefreshExecutor-0] o.s.web.client.RestTemplate              : Reading to [org.springframework.cloud.netflix.eureka.http.EurekaApplications]
2022-08-30 00:02:10.485 DEBUG 18964 --- [DiscoveryClient-HeartbeatExecutor-0] o.s.web.client.RestTemplate              : HTTP PUT http://localhost:9190/eureka/apps/CLINIC-APPLICATION/host.docker.internal:clinic-application:8280?status=UP&lastDirtyTimestamp=1661796158965
2022-08-30 00:02:10.485 DEBUG 18964 --- [DiscoveryClient-HeartbeatExecutor-0] o.s.web.client.RestTemplate              : Accept=[application/json, application/*+json]
2022-08-30 00:02:10.503 DEBUG 18964 --- [DiscoveryClient-HeartbeatExecutor-0] o.s.web.client.RestTemplate              : Response 200 OK
2022-08-30 00:02:10.515 DEBUG 18964 --- [DiscoveryClient-CacheRefreshExecutor-0] o.s.web.client.RestTemplate              : HTTP GET http://localhost:9190/eureka/apps/delta
2022-08-30 00:02:10.515 DEBUG 18964 --- [DiscoveryClient-CacheRefreshExecutor-0] o.s.web.client.RestTemplate              : Accept=[application/json, application/*+json]
2022-08-30 00:02:10.532 DEBUG 18964 --- [DiscoveryClient-CacheRefreshExecutor-0] o.s.web.client.RestTemplate              : Response 200 OK
2022-08-30 00:02:10.532 DEBUG 18964 --- [DiscoveryClient-CacheRefreshExecutor-0] o.s.web.client.RestTemplate              : Reading to [org.springframework.cloud.netflix.eureka.http.EurekaApplications]
2022-08-30 00:02:38.775  INFO 18964 --- [AsyncResolver-bootstrap-executor-0] c.n.d.s.r.aws.ConfigClusterResolver      : Resolving eureka endpoints via configuration
2022-08-30 00:02:40.505 DEBUG 18964 --- [DiscoveryClient-HeartbeatExecutor-0] o.s.web.client.RestTemplate              : HTTP PUT http://localhost:9190/eureka/apps/CLINIC-APPLICATION/host.docker.internal:clinic-application:8280?status=UP&lastDirtyTimestamp=1661796158965
2022-08-30 00:02:40.506 DEBUG 18964 --- [DiscoveryClient-HeartbeatExecutor-0] o.s.web.client.RestTemplate              : Accept=[application/json, application/*+json]
2022-08-30 00:02:40.521 DEBUG 18964 --- [DiscoveryClient-HeartbeatExecutor-0] o.s.web.client.RestTemplate              : Response 200 OK
2022-08-30 00:02:40.537 DEBUG 18964 --- [DiscoveryClient-CacheRefreshExecutor-0] o.s.web.client.RestTemplate              : HTTP GET http://localhost:9190/eureka/apps/delta
2022-08-30 00:02:40.537 DEBUG 18964 --- [DiscoveryClient-CacheRefreshExecutor-0] o.s.web.client.RestTemplate              : Accept=[application/json, application/*+json]
2022-08-30 00:02:40.552 DEBUG 18964 --- [DiscoveryClient-CacheRefreshExecutor-0] o.s.web.client.RestTemplate              : Response 200 OK
2022-08-30 00:02:40.552 DEBUG 18964 --- [DiscoveryClient-CacheRefreshExecutor-0] o.s.web.client.RestTemplate              : Reading to [org.springframework.cloud.netflix.eureka.http.EurekaApplications]
2022-08-30 00:03:10.531 DEBUG 18964 --- [DiscoveryClient-HeartbeatExecutor-0] o.s.web.client.RestTemplate              : HTTP PUT http://localhost:9190/eureka/apps/CLINIC-APPLICATION/host.docker.internal:clinic-application:8280?status=UP&lastDirtyTimestamp=1661796158965
2022-08-30 00:03:10.532 DEBUG 18964 --- [DiscoveryClient-HeartbeatExecutor-0] o.s.web.client.RestTemplate              : Accept=[application/json, application/*+json]
2022-08-30 00:03:10.549 DEBUG 18964 --- [DiscoveryClient-HeartbeatExecutor-0] o.s.web.client.RestTemplate              : Response 200 OK
2022-08-30 00:03:10.563 DEBUG 18964 --- [DiscoveryClient-CacheRefreshExecutor-0] o.s.web.client.RestTemplate              : HTTP GET http://localhost:9190/eureka/apps/delta
2022-08-30 00:03:10.564 DEBUG 18964 --- [DiscoveryClient-CacheRefreshExecutor-0] o.s.web.client.RestTemplate              : Accept=[application/json, application/*+json]
2022-08-30 00:03:10.580 DEBUG 18964 --- [DiscoveryClient-CacheRefreshExecutor-0] o.s.web.client.RestTemplate              : Response 200 OK
2022-08-30 00:03:10.580 DEBUG 18964 --- [DiscoveryClient-CacheRefreshExecutor-0] o.s.web.client.RestTemplate              : Reading to [org.springframework.cloud.netflix.eureka.http.EurekaApplications]
2022-08-30 00:03:40.554 DEBUG 18964 --- [DiscoveryClient-HeartbeatExecutor-0] o.s.web.client.RestTemplate              : HTTP PUT http://localhost:9190/eureka/apps/CLINIC-APPLICATION/host.docker.internal:clinic-application:8280?status=UP&lastDirtyTimestamp=1661796158965
2022-08-30 00:03:40.555 DEBUG 18964 --- [DiscoveryClient-HeartbeatExecutor-0] o.s.web.client.RestTemplate              : Accept=[application/json, application/*+json]
2022-08-30 00:03:40.571 DEBUG 18964 --- [DiscoveryClient-HeartbeatExecutor-0] o.s.web.client.RestTemplate              : Response 200 OK
2022-08-30 00:03:40.585 DEBUG 18964 --- [DiscoveryClient-CacheRefreshExecutor-0] o.s.web.client.RestTemplate              : HTTP GET http://localhost:9190/eureka/apps/delta
2022-08-30 00:03:40.585 DEBUG 18964 --- [DiscoveryClient-CacheRefreshExecutor-0] o.s.web.client.RestTemplate              : Accept=[application/json, application/*+json]
2022-08-30 00:03:40.602 DEBUG 18964 --- [DiscoveryClient-CacheRefreshExecutor-0] o.s.web.client.RestTemplate              : Response 200 OK
2022-08-30 00:03:40.602 DEBUG 18964 --- [DiscoveryClient-CacheRefreshExecutor-0] o.s.web.client.RestTemplate              : Reading to [org.springframework.cloud.netflix.eureka.http.EurekaApplications]
2022-08-30 00:04:10.574 DEBUG 18964 --- [DiscoveryClient-HeartbeatExecutor-0] o.s.web.client.RestTemplate              : HTTP PUT http://localhost:9190/eureka/apps/CLINIC-APPLICATION/host.docker.internal:clinic-application:8280?status=UP&lastDirtyTimestamp=1661796158965
2022-08-30 00:04:10.575 DEBUG 18964 --- [DiscoveryClient-HeartbeatExecutor-0] o.s.web.client.RestTemplate              : Accept=[application/json, application/*+json]
2022-08-30 00:04:10.593 DEBUG 18964 --- [DiscoveryClient-HeartbeatExecutor-0] o.s.web.client.RestTemplate              : Response 200 OK
2022-08-30 00:04:10.606 DEBUG 18964 --- [DiscoveryClient-CacheRefreshExecutor-0] o.s.web.client.RestTemplate              : HTTP GET http://localhost:9190/eureka/apps/delta
2022-08-30 00:04:10.607 DEBUG 18964 --- [DiscoveryClient-CacheRefreshExecutor-0] o.s.web.client.RestTemplate              : Accept=[application/json, application/*+json]
2022-08-30 00:04:10.623 DEBUG 18964 --- [DiscoveryClient-CacheRefreshExecutor-0] o.s.web.client.RestTemplate              : Response 200 OK
2022-08-30 00:04:10.624 DEBUG 18964 --- [DiscoveryClient-CacheRefreshExecutor-0] o.s.web.client.RestTemplate              : Reading to [org.springframework.cloud.netflix.eureka.http.EurekaApplications]
2022-08-30 00:04:40.608 DEBUG 18964 --- [DiscoveryClient-HeartbeatExecutor-0] o.s.web.client.RestTemplate              : HTTP PUT http://localhost:9190/eureka/apps/CLINIC-APPLICATION/host.docker.internal:clinic-application:8280?status=UP&lastDirtyTimestamp=1661796158965
2022-08-30 00:04:40.609 DEBUG 18964 --- [DiscoveryClient-HeartbeatExecutor-0] o.s.web.client.RestTemplate              : Accept=[application/json, application/*+json]
2022-08-30 00:04:40.625 DEBUG 18964 --- [DiscoveryClient-HeartbeatExecutor-0] o.s.web.client.RestTemplate              : Response 200 OK
2022-08-30 00:04:40.627 DEBUG 18964 --- [DiscoveryClient-CacheRefreshExecutor-0] o.s.web.client.RestTemplate              : HTTP GET http://localhost:9190/eureka/apps/delta
2022-08-30 00:04:40.627 DEBUG 18964 --- [DiscoveryClient-CacheRefreshExecutor-0] o.s.web.client.RestTemplate              : Accept=[application/json, application/*+json]
2022-08-30 00:04:40.640 DEBUG 18964 --- [DiscoveryClient-CacheRefreshExecutor-0] o.s.web.client.RestTemplate              : Response 200 OK
2022-08-30 00:04:40.641 DEBUG 18964 --- [DiscoveryClient-CacheRefreshExecutor-0] o.s.web.client.RestTemplate              : Reading to [org.springframework.cloud.netflix.eureka.http.EurekaApplications]
2022-08-30 00:05:10.641 DEBUG 18964 --- [DiscoveryClient-HeartbeatExecutor-0] o.s.web.client.RestTemplate              : HTTP PUT http://localhost:9190/eureka/apps/CLINIC-APPLICATION/host.docker.internal:clinic-application:8280?status=UP&lastDirtyTimestamp=1661796158965
2022-08-30 00:05:10.642 DEBUG 18964 --- [DiscoveryClient-HeartbeatExecutor-0] o.s.web.client.RestTemplate              : Accept=[application/json, application/*+json]
2022-08-30 00:05:10.657 DEBUG 18964 --- [DiscoveryClient-CacheRefreshExecutor-0] o.s.web.client.RestTemplate              : HTTP GET http://localhost:9190/eureka/apps/delta
2022-08-30 00:05:10.658 DEBUG 18964 --- [DiscoveryClient-CacheRefreshExecutor-0] o.s.web.client.RestTemplate              : Accept=[application/json, application/*+json]
2022-08-30 00:05:10.659 DEBUG 18964 --- [DiscoveryClient-HeartbeatExecutor-0] o.s.web.client.RestTemplate              : Response 200 OK
2022-08-30 00:05:10.675 DEBUG 18964 --- [DiscoveryClient-CacheRefreshExecutor-0] o.s.web.client.RestTemplate              : Response 200 OK
2022-08-30 00:05:10.675 DEBUG 18964 --- [DiscoveryClient-CacheRefreshExecutor-0] o.s.web.client.RestTemplate              : Reading to [org.springframework.cloud.netflix.eureka.http.EurekaApplications]
2022-08-30 00:05:40.665 DEBUG 18964 --- [DiscoveryClient-HeartbeatExecutor-0] o.s.web.client.RestTemplate              : HTTP PUT http://localhost:9190/eureka/apps/CLINIC-APPLICATION/host.docker.internal:clinic-application:8280?status=UP&lastDirtyTimestamp=1661796158965
2022-08-30 00:05:40.666 DEBUG 18964 --- [DiscoveryClient-HeartbeatExecutor-0] o.s.web.client.RestTemplate              : Accept=[application/json, application/*+json]
2022-08-30 00:05:40.680 DEBUG 18964 --- [DiscoveryClient-CacheRefreshExecutor-0] o.s.web.client.RestTemplate              : HTTP GET http://localhost:9190/eureka/apps/delta
2022-08-30 00:05:40.680 DEBUG 18964 --- [DiscoveryClient-CacheRefreshExecutor-0] o.s.web.client.RestTemplate              : Accept=[application/json, application/*+json]
2022-08-30 00:05:40.681 DEBUG 18964 --- [DiscoveryClient-HeartbeatExecutor-0] o.s.web.client.RestTemplate              : Response 200 OK
2022-08-30 00:05:40.696 DEBUG 18964 --- [DiscoveryClient-CacheRefreshExecutor-0] o.s.web.client.RestTemplate              : Response 200 OK
2022-08-30 00:05:40.696 DEBUG 18964 --- [DiscoveryClient-CacheRefreshExecutor-0] o.s.web.client.RestTemplate              : Reading to [org.springframework.cloud.netflix.eureka.http.EurekaApplications]
2022-08-30 00:06:10.682 DEBUG 18964 --- [DiscoveryClient-HeartbeatExecutor-0] o.s.web.client.RestTemplate              : HTTP PUT http://localhost:9190/eureka/apps/CLINIC-APPLICATION/host.docker.internal:clinic-application:8280?status=UP&lastDirtyTimestamp=1661796158965
2022-08-30 00:06:10.682 DEBUG 18964 --- [DiscoveryClient-HeartbeatExecutor-0] o.s.web.client.RestTemplate              : Accept=[application/json, application/*+json]
2022-08-30 00:06:10.698 DEBUG 18964 --- [DiscoveryClient-CacheRefreshExecutor-0] o.s.web.client.RestTemplate              : HTTP GET http://localhost:9190/eureka/apps/delta
2022-08-30 00:06:10.699 DEBUG 18964 --- [DiscoveryClient-CacheRefreshExecutor-0] o.s.web.client.RestTemplate              : Accept=[application/json, application/*+json]
2022-08-30 00:06:10.700 DEBUG 18964 --- [DiscoveryClient-HeartbeatExecutor-0] o.s.web.client.RestTemplate              : Response 200 OK
2022-08-30 00:06:10.716 DEBUG 18964 --- [DiscoveryClient-CacheRefreshExecutor-0] o.s.web.client.RestTemplate              : Response 200 OK
2022-08-30 00:06:10.716 DEBUG 18964 --- [DiscoveryClient-CacheRefreshExecutor-0] o.s.web.client.RestTemplate              : Reading to [org.springframework.cloud.netflix.eureka.http.EurekaApplications]
2022-08-30 00:06:40.715 DEBUG 18964 --- [DiscoveryClient-HeartbeatExecutor-0] o.s.web.client.RestTemplate              : HTTP PUT http://localhost:9190/eureka/apps/CLINIC-APPLICATION/host.docker.internal:clinic-application:8280?status=UP&lastDirtyTimestamp=1661796158965
2022-08-30 00:06:40.716 DEBUG 18964 --- [DiscoveryClient-HeartbeatExecutor-0] o.s.web.client.RestTemplate              : Accept=[application/json, application/*+json]
2022-08-30 00:06:40.730 DEBUG 18964 --- [DiscoveryClient-CacheRefreshExecutor-0] o.s.web.client.RestTemplate              : HTTP GET http://localhost:9190/eureka/apps/delta
2022-08-30 00:06:40.731 DEBUG 18964 --- [DiscoveryClient-CacheRefreshExecutor-0] o.s.web.client.RestTemplate              : Accept=[application/json, application/*+json]
2022-08-30 00:06:40.732 DEBUG 18964 --- [DiscoveryClient-HeartbeatExecutor-0] o.s.web.client.RestTemplate              : Response 200 OK
2022-08-30 00:06:40.748 DEBUG 18964 --- [DiscoveryClient-CacheRefreshExecutor-0] o.s.web.client.RestTemplate              : Response 200 OK
2022-08-30 00:06:40.748 DEBUG 18964 --- [DiscoveryClient-CacheRefreshExecutor-0] o.s.web.client.RestTemplate              : Reading to [org.springframework.cloud.netflix.eureka.http.EurekaApplications]
2022-08-30 00:06:43.971  INFO 18964 --- [RMI TCP Connection(47)-127.0.0.1] inMXBeanRegistrar$SpringApplicationAdmin : Application shutdown requested.
2022-08-30 00:06:43.972 DEBUG 18964 --- [RMI TCP Connection(47)-127.0.0.1] o.s.b.a.ApplicationAvailabilityBean      : Application availability state ReadinessState changed from ACCEPTING_TRAFFIC to REFUSING_TRAFFIC
2022-08-30 00:06:43.972 DEBUG 18964 --- [RMI TCP Connection(47)-127.0.0.1] ConfigServletWebServerApplicationContext : Closing org.springframework.boot.web.servlet.context.AnnotationConfigServletWebServerApplicationContext@7689ddef, started on Mon Aug 29 23:32:36 IST 2022
2022-08-30 00:06:43.972  INFO 18964 --- [RMI TCP Connection(47)-127.0.0.1] o.s.c.n.e.s.EurekaServiceRegistry        : Unregistering application CLINIC-APPLICATION with eureka with status DOWN
2022-08-30 00:06:43.972  INFO 18964 --- [RMI TCP Connection(47)-127.0.0.1] com.netflix.discovery.DiscoveryClient    : Saw local status change event StatusChangeEvent [timestamp=1661798203972, current=DOWN, previous=UP]
2022-08-30 00:06:43.972  INFO 18964 --- [DiscoveryClient-InstanceInfoReplicator-0] com.netflix.discovery.DiscoveryClient    : DiscoveryClient_CLINIC-APPLICATION/host.docker.internal:clinic-application:8280: registering service...
2022-08-30 00:06:43.973 DEBUG 18964 --- [DiscoveryClient-InstanceInfoReplicator-0] o.s.web.client.RestTemplate              : HTTP POST http://localhost:9190/eureka/apps/CLINIC-APPLICATION
2022-08-30 00:06:43.974 DEBUG 18964 --- [DiscoveryClient-InstanceInfoReplicator-0] o.s.web.client.RestTemplate              : Accept=[application/json, application/*+json]
2022-08-30 00:06:43.976 DEBUG 18964 --- [DiscoveryClient-InstanceInfoReplicator-0] o.s.web.client.RestTemplate              : Writing [InstanceInfo [instanceId = host.docker.internal:clinic-application:8280, appName = CLINIC-APPLICATION, hostName = host.docker.internal, status = DOWN, ipAddr = 192.168.1.6, port = 8280, securePort = 443, dataCenterInfo = com.netflix.appinfo.MyDataCenterInfo@37ab4a0d] as "application/json"
2022-08-30 00:06:44.215  INFO 18964 --- [RMI TCP Connection(47)-127.0.0.1] com.netflix.discovery.DiscoveryClient    : Shutting down DiscoveryClient ...
2022-08-30 00:06:47.231  INFO 18964 --- [RMI TCP Connection(47)-127.0.0.1] com.netflix.discovery.DiscoveryClient    : Unregistering ...
2022-08-30 00:06:47.232 DEBUG 18964 --- [RMI TCP Connection(47)-127.0.0.1] o.s.web.client.RestTemplate              : HTTP DELETE http://localhost:9190/eureka/apps/CLINIC-APPLICATION/host.docker.internal:clinic-application:8280
2022-08-30 00:06:47.232 DEBUG 18964 --- [RMI TCP Connection(47)-127.0.0.1] o.s.web.client.RestTemplate              : Accept=[application/json, application/*+json]
2022-08-30 00:06:48.078  INFO 18964 --- [DiscoveryClient-InstanceInfoReplicator-0] c.n.d.s.t.d.RedirectingEurekaHttpClient  : Request execution error. endpoint=DefaultEndpoint{ serviceUrl='http://localhost:9190/eureka/} exception=I/O error on POST request for "http://localhost:9190/eureka/apps/CLINIC-APPLICATION": Connect to localhost:9190 [localhost/127.0.0.1, localhost/0:0:0:0:0:0:0:1] failed: Connection refused: connect; nested exception is org.apache.http.conn.HttpHostConnectException: Connect to localhost:9190 [localhost/127.0.0.1, localhost/0:0:0:0:0:0:0:1] failed: Connection refused: connect stacktrace=org.springframework.web.client.ResourceAccessException: I/O error on POST request for "http://localhost:9190/eureka/apps/CLINIC-APPLICATION": Connect to localhost:9190 [localhost/127.0.0.1, localhost/0:0:0:0:0:0:0:1] failed: Connection refused: connect; nested exception is org.apache.http.conn.HttpHostConnectException: Connect to localhost:9190 [localhost/127.0.0.1, localhost/0:0:0:0:0:0:0:1] failed: Connection refused: connect
	at org.springframework.web.client.RestTemplate.doExecute(RestTemplate.java:785)
	at org.springframework.web.client.RestTemplate.execute(RestTemplate.java:711)
	at org.springframework.web.client.RestTemplate.exchange(RestTemplate.java:602)
	at org.springframework.cloud.netflix.eureka.http.RestTemplateEurekaHttpClient.register(RestTemplateEurekaHttpClient.java:77)
	at com.netflix.discovery.shared.transport.decorator.EurekaHttpClientDecorator$1.execute(EurekaHttpClientDecorator.java:59)
	at com.netflix.discovery.shared.transport.decorator.RedirectingEurekaHttpClient.execute(RedirectingEurekaHttpClient.java:91)
	at com.netflix.discovery.shared.transport.decorator.EurekaHttpClientDecorator.register(EurekaHttpClientDecorator.java:56)
	at com.netflix.discovery.shared.transport.decorator.EurekaHttpClientDecorator$1.execute(EurekaHttpClientDecorator.java:59)
	at com.netflix.discovery.shared.transport.decorator.RetryableEurekaHttpClient.execute(RetryableEurekaHttpClient.java:120)
	at com.netflix.discovery.shared.transport.decorator.EurekaHttpClientDecorator.register(EurekaHttpClientDecorator.java:56)
	at com.netflix.discovery.shared.transport.decorator.EurekaHttpClientDecorator$1.execute(EurekaHttpClientDecorator.java:59)
	at com.netflix.discovery.shared.transport.decorator.SessionedEurekaHttpClient.execute(SessionedEurekaHttpClient.java:77)
	at com.netflix.discovery.shared.transport.decorator.EurekaHttpClientDecorator.register(EurekaHttpClientDecorator.java:56)
	at com.netflix.discovery.DiscoveryClient.register(DiscoveryClient.java:876)
	at com.netflix.discovery.InstanceInfoReplicator.run(InstanceInfoReplicator.java:121)
	at com.netflix.discovery.InstanceInfoReplicator$1.run(InstanceInfoReplicator.java:101)
	at java.base/java.util.concurrent.Executors$RunnableAdapter.call(Executors.java:515)
	at java.base/java.util.concurrent.FutureTask.run(FutureTask.java:264)
	at java.base/java.util.concurrent.ScheduledThreadPoolExecutor$ScheduledFutureTask.run(ScheduledThreadPoolExecutor.java:304)
	at java.base/java.util.concurrent.ThreadPoolExecutor.runWorker(ThreadPoolExecutor.java:1128)
	at java.base/java.util.concurrent.ThreadPoolExecutor$Worker.run(ThreadPoolExecutor.java:628)
	at java.base/java.lang.Thread.run(Thread.java:834)
Caused by: org.apache.http.conn.HttpHostConnectException: Connect to localhost:9190 [localhost/127.0.0.1, localhost/0:0:0:0:0:0:0:1] failed: Connection refused: connect
	at org.apache.http.impl.conn.DefaultHttpClientConnectionOperator.connect(DefaultHttpClientConnectionOperator.java:156)
	at org.apache.http.impl.conn.PoolingHttpClientConnectionManager.connect(PoolingHttpClientConnectionManager.java:376)
	at org.apache.http.impl.execchain.MainClientExec.establishRoute(MainClientExec.java:393)
	at org.apache.http.impl.execchain.MainClientExec.execute(MainClientExec.java:236)
	at org.apache.http.impl.execchain.ProtocolExec.execute(ProtocolExec.java:186)
	at org.apache.http.impl.execchain.RetryExec.execute(RetryExec.java:89)
	at org.apache.http.impl.execchain.RedirectExec.execute(RedirectExec.java:110)
	at org.apache.http.impl.client.InternalHttpClient.doExecute(InternalHttpClient.java:185)
	at org.apache.http.impl.client.CloseableHttpClient.execute(CloseableHttpClient.java:83)
	at org.apache.http.impl.client.CloseableHttpClient.execute(CloseableHttpClient.java:56)
	at org.springframework.http.client.HttpComponentsClientHttpRequest.executeInternal(HttpComponentsClientHttpRequest.java:87)
	at org.springframework.http.client.AbstractBufferingClientHttpRequest.executeInternal(AbstractBufferingClientHttpRequest.java:48)
	at org.springframework.http.client.AbstractClientHttpRequest.execute(AbstractClientHttpRequest.java:66)
	at org.springframework.web.client.RestTemplate.doExecute(RestTemplate.java:776)
	... 21 more
Caused by: java.net.ConnectException: Connection refused: connect
	at java.base/java.net.PlainSocketImpl.connect0(Native Method)
	at java.base/java.net.PlainSocketImpl.socketConnect(PlainSocketImpl.java:101)
	at java.base/java.net.AbstractPlainSocketImpl.doConnect(AbstractPlainSocketImpl.java:412)
	at java.base/java.net.AbstractPlainSocketImpl.connectToAddress(AbstractPlainSocketImpl.java:255)
	at java.base/java.net.AbstractPlainSocketImpl.connect(AbstractPlainSocketImpl.java:237)
	at java.base/java.net.SocksSocketImpl.connect(SocksSocketImpl.java:392)
	at java.base/java.net.Socket.connect(Socket.java:608)
	at org.apache.http.conn.socket.PlainConnectionSocketFactory.connectSocket(PlainConnectionSocketFactory.java:75)
	at org.apache.http.impl.conn.DefaultHttpClientConnectionOperator.connect(DefaultHttpClientConnectionOperator.java:142)
	... 34 more

2022-08-30 00:06:48.078  WARN 18964 --- [DiscoveryClient-InstanceInfoReplicator-0] c.n.d.s.t.d.RetryableEurekaHttpClient    : Request execution failed with message: I/O error on POST request for "http://localhost:9190/eureka/apps/CLINIC-APPLICATION": Connect to localhost:9190 [localhost/127.0.0.1, localhost/0:0:0:0:0:0:0:1] failed: Connection refused: connect; nested exception is org.apache.http.conn.HttpHostConnectException: Connect to localhost:9190 [localhost/127.0.0.1, localhost/0:0:0:0:0:0:0:1] failed: Connection refused: connect
2022-08-30 00:06:48.080 DEBUG 18964 --- [DiscoveryClient-InstanceInfoReplicator-0] o.s.web.client.RestTemplate              : HTTP POST http://localhost:9190/eureka/apps/CLINIC-APPLICATION
2022-08-30 00:06:48.081 DEBUG 18964 --- [DiscoveryClient-InstanceInfoReplicator-0] o.s.web.client.RestTemplate              : Accept=[application/json, application/*+json]
2022-08-30 00:06:48.082 DEBUG 18964 --- [DiscoveryClient-InstanceInfoReplicator-0] o.s.web.client.RestTemplate              : Writing [InstanceInfo [instanceId = host.docker.internal:clinic-application:8280, appName = CLINIC-APPLICATION, hostName = host.docker.internal, status = DOWN, ipAddr = 192.168.1.6, port = 8280, securePort = 443, dataCenterInfo = com.netflix.appinfo.MyDataCenterInfo@37ab4a0d] as "application/json"
2022-08-30 00:06:51.299  INFO 18964 --- [RMI TCP Connection(47)-127.0.0.1] c.n.d.s.t.d.RedirectingEurekaHttpClient  : Request execution error. endpoint=DefaultEndpoint{ serviceUrl='http://localhost:9190/eureka/} exception=I/O error on DELETE request for "http://localhost:9190/eureka/apps/CLINIC-APPLICATION/host.docker.internal:clinic-application:8280": Connect to localhost:9190 [localhost/127.0.0.1, localhost/0:0:0:0:0:0:0:1] failed: Connection refused: connect; nested exception is org.apache.http.conn.HttpHostConnectException: Connect to localhost:9190 [localhost/127.0.0.1, localhost/0:0:0:0:0:0:0:1] failed: Connection refused: connect stacktrace=org.springframework.web.client.ResourceAccessException: I/O error on DELETE request for "http://localhost:9190/eureka/apps/CLINIC-APPLICATION/host.docker.internal:clinic-application:8280": Connect to localhost:9190 [localhost/127.0.0.1, localhost/0:0:0:0:0:0:0:1] failed: Connection refused: connect; nested exception is org.apache.http.conn.HttpHostConnectException: Connect to localhost:9190 [localhost/127.0.0.1, localhost/0:0:0:0:0:0:0:1] failed: Connection refused: connect
	at org.springframework.web.client.RestTemplate.doExecute(RestTemplate.java:785)
	at org.springframework.web.client.RestTemplate.execute(RestTemplate.java:711)
	at org.springframework.web.client.RestTemplate.exchange(RestTemplate.java:602)
	at org.springframework.cloud.netflix.eureka.http.RestTemplateEurekaHttpClient.cancel(RestTemplateEurekaHttpClient.java:87)
	at com.netflix.discovery.shared.transport.decorator.EurekaHttpClientDecorator$2.execute(EurekaHttpClientDecorator.java:74)
	at com.netflix.discovery.shared.transport.decorator.RedirectingEurekaHttpClient.execute(RedirectingEurekaHttpClient.java:91)
	at com.netflix.discovery.shared.transport.decorator.EurekaHttpClientDecorator.cancel(EurekaHttpClientDecorator.java:71)
	at com.netflix.discovery.shared.transport.decorator.EurekaHttpClientDecorator$2.execute(EurekaHttpClientDecorator.java:74)
	at com.netflix.discovery.shared.transport.decorator.RetryableEurekaHttpClient.execute(RetryableEurekaHttpClient.java:120)
	at com.netflix.discovery.shared.transport.decorator.EurekaHttpClientDecorator.cancel(EurekaHttpClientDecorator.java:71)
	at com.netflix.discovery.shared.transport.decorator.EurekaHttpClientDecorator$2.execute(EurekaHttpClientDecorator.java:74)
	at com.netflix.discovery.shared.transport.decorator.SessionedEurekaHttpClient.execute(SessionedEurekaHttpClient.java:77)
	at com.netflix.discovery.shared.transport.decorator.EurekaHttpClientDecorator.cancel(EurekaHttpClientDecorator.java:71)
	at com.netflix.discovery.DiscoveryClient.unregister(DiscoveryClient.java:972)
	at com.netflix.discovery.DiscoveryClient.shutdown(DiscoveryClient.java:948)
	at java.base/jdk.internal.reflect.NativeMethodAccessorImpl.invoke0(Native Method)
	at java.base/jdk.internal.reflect.NativeMethodAccessorImpl.invoke(NativeMethodAccessorImpl.java:62)
	at java.base/jdk.internal.reflect.DelegatingMethodAccessorImpl.invoke(DelegatingMethodAccessorImpl.java:43)
	at java.base/java.lang.reflect.Method.invoke(Method.java:566)
	at org.springframework.beans.factory.annotation.InitDestroyAnnotationBeanPostProcessor$LifecycleElement.invoke(InitDestroyAnnotationBeanPostProcessor.java:389)
	at org.springframework.beans.factory.annotation.InitDestroyAnnotationBeanPostProcessor$LifecycleMetadata.invokeDestroyMethods(InitDestroyAnnotationBeanPostProcessor.java:347)
	at org.springframework.beans.factory.annotation.InitDestroyAnnotationBeanPostProcessor.postProcessBeforeDestruction(InitDestroyAnnotationBeanPostProcessor.java:177)
	at org.springframework.beans.factory.support.DisposableBeanAdapter.destroy(DisposableBeanAdapter.java:197)
	at org.springframework.beans.factory.support.DisposableBeanAdapter.run(DisposableBeanAdapter.java:190)
	at org.springframework.cloud.context.scope.GenericScope$BeanLifecycleWrapper.destroy(GenericScope.java:390)
	at org.springframework.cloud.context.scope.GenericScope.destroy(GenericScope.java:136)
	at org.springframework.beans.factory.support.DisposableBeanAdapter.destroy(DisposableBeanAdapter.java:213)
	at org.springframework.beans.factory.support.DefaultSingletonBeanRegistry.destroyBean(DefaultSingletonBeanRegistry.java:587)
	at org.springframework.beans.factory.support.DefaultSingletonBeanRegistry.destroySingleton(DefaultSingletonBeanRegistry.java:559)
	at org.springframework.beans.factory.support.DefaultListableBeanFactory.destroySingleton(DefaultListableBeanFactory.java:1163)
	at org.springframework.beans.factory.support.DefaultSingletonBeanRegistry.destroySingletons(DefaultSingletonBeanRegistry.java:520)
	at org.springframework.beans.factory.support.DefaultListableBeanFactory.destroySingletons(DefaultListableBeanFactory.java:1156)
	at org.springframework.context.support.AbstractApplicationContext.destroyBeans(AbstractApplicationContext.java:1106)
	at org.springframework.context.support.AbstractApplicationContext.doClose(AbstractApplicationContext.java:1075)
	at org.springframework.boot.web.servlet.context.ServletWebServerApplicationContext.doClose(ServletWebServerApplicationContext.java:174)
	at org.springframework.context.support.AbstractApplicationContext.close(AbstractApplicationContext.java:1021)
	at org.springframework.boot.admin.SpringApplicationAdminMXBeanRegistrar$SpringApplicationAdmin.shutdown(SpringApplicationAdminMXBeanRegistrar.java:160)
	at java.base/jdk.internal.reflect.NativeMethodAccessorImpl.invoke0(Native Method)
	at java.base/jdk.internal.reflect.NativeMethodAccessorImpl.invoke(NativeMethodAccessorImpl.java:62)
	at java.base/jdk.internal.reflect.DelegatingMethodAccessorImpl.invoke(DelegatingMethodAccessorImpl.java:43)
	at java.base/java.lang.reflect.Method.invoke(Method.java:566)
	at sun.reflect.misc.Trampoline.invoke(MethodUtil.java:71)
	at java.base/jdk.internal.reflect.NativeMethodAccessorImpl.invoke0(Native Method)
	at java.base/jdk.internal.reflect.NativeMethodAccessorImpl.invoke(NativeMethodAccessorImpl.java:62)
	at java.base/jdk.internal.reflect.DelegatingMethodAccessorImpl.invoke(DelegatingMethodAccessorImpl.java:43)
	at java.base/java.lang.reflect.Method.invoke(Method.java:566)
	at java.base/sun.reflect.misc.MethodUtil.invoke(MethodUtil.java:260)
	at java.management/com.sun.jmx.mbeanserver.ConvertingMethod.invokeWithOpenReturn(ConvertingMethod.java:193)
	at java.management/com.sun.jmx.mbeanserver.ConvertingMethod.invokeWithOpenReturn(ConvertingMethod.java:175)
	at java.management/com.sun.jmx.mbeanserver.MXBeanIntrospector.invokeM2(MXBeanIntrospector.java:117)
	at java.management/com.sun.jmx.mbeanserver.MXBeanIntrospector.invokeM2(MXBeanIntrospector.java:54)
	at java.management/com.sun.jmx.mbeanserver.MBeanIntrospector.invokeM(MBeanIntrospector.java:237)
	at java.management/com.sun.jmx.mbeanserver.PerInterface.invoke(PerInterface.java:138)
	at java.management/com.sun.jmx.mbeanserver.MBeanSupport.invoke(MBeanSupport.java:252)
	at java.management/com.sun.jmx.interceptor.DefaultMBeanServerInterceptor.invoke(DefaultMBeanServerInterceptor.java:809)
	at java.management/com.sun.jmx.mbeanserver.JmxMBeanServer.invoke(JmxMBeanServer.java:801)
	at java.management.rmi/javax.management.remote.rmi.RMIConnectionImpl.doOperation(RMIConnectionImpl.java:1466)
	at java.management.rmi/javax.management.remote.rmi.RMIConnectionImpl$PrivilegedOperation.run(RMIConnectionImpl.java:1307)
	at java.management.rmi/javax.management.remote.rmi.RMIConnectionImpl.doPrivilegedOperation(RMIConnectionImpl.java:1399)
	at java.management.rmi/javax.management.remote.rmi.RMIConnectionImpl.invoke(RMIConnectionImpl.java:827)
	at java.base/jdk.internal.reflect.GeneratedMethodAccessor103.invoke(Unknown Source)
	at java.base/jdk.internal.reflect.DelegatingMethodAccessorImpl.invoke(DelegatingMethodAccessorImpl.java:43)
	at java.base/java.lang.reflect.Method.invoke(Method.java:566)
	at java.rmi/sun.rmi.server.UnicastServerRef.dispatch(UnicastServerRef.java:359)
	at java.rmi/sun.rmi.transport.Transport$1.run(Transport.java:200)
	at java.rmi/sun.rmi.transport.Transport$1.run(Transport.java:197)
	at java.base/java.security.AccessController.doPrivileged(Native Method)
	at java.rmi/sun.rmi.transport.Transport.serviceCall(Transport.java:196)
	at java.rmi/sun.rmi.transport.tcp.TCPTransport.handleMessages(TCPTransport.java:562)
	at java.rmi/sun.rmi.transport.tcp.TCPTransport$ConnectionHandler.run0(TCPTransport.java:796)
	at java.rmi/sun.rmi.transport.tcp.TCPTransport$ConnectionHandler.lambda$run$0(TCPTransport.java:677)
	at java.base/java.security.AccessController.doPrivileged(Native Method)
	at java.rmi/sun.rmi.transport.tcp.TCPTransport$ConnectionHandler.run(TCPTransport.java:676)
	at java.base/java.util.concurrent.ThreadPoolExecutor.runWorker(ThreadPoolExecutor.java:1128)
	at java.base/java.util.concurrent.ThreadPoolExecutor$Worker.run(ThreadPoolExecutor.java:628)
	at java.base/java.lang.Thread.run(Thread.java:834)
Caused by: org.apache.http.conn.HttpHostConnectException: Connect to localhost:9190 [localhost/127.0.0.1, localhost/0:0:0:0:0:0:0:1] failed: Connection refused: connect
	at org.apache.http.impl.conn.DefaultHttpClientConnectionOperator.connect(DefaultHttpClientConnectionOperator.java:156)
	at org.apache.http.impl.conn.PoolingHttpClientConnectionManager.connect(PoolingHttpClientConnectionManager.java:376)
	at org.apache.http.impl.execchain.MainClientExec.establishRoute(MainClientExec.java:393)
	at org.apache.http.impl.execchain.MainClientExec.execute(MainClientExec.java:236)
	at org.apache.http.impl.execchain.ProtocolExec.execute(ProtocolExec.java:186)
	at org.apache.http.impl.execchain.RetryExec.execute(RetryExec.java:89)
	at org.apache.http.impl.execchain.RedirectExec.execute(RedirectExec.java:110)
	at org.apache.http.impl.client.InternalHttpClient.doExecute(InternalHttpClient.java:185)
	at org.apache.http.impl.client.CloseableHttpClient.execute(CloseableHttpClient.java:83)
	at org.apache.http.impl.client.CloseableHttpClient.execute(CloseableHttpClient.java:56)
	at org.springframework.http.client.HttpComponentsClientHttpRequest.executeInternal(HttpComponentsClientHttpRequest.java:87)
	at org.springframework.http.client.AbstractBufferingClientHttpRequest.executeInternal(AbstractBufferingClientHttpRequest.java:48)
	at org.springframework.http.client.AbstractClientHttpRequest.execute(AbstractClientHttpRequest.java:66)
	at org.springframework.web.client.RestTemplate.doExecute(RestTemplate.java:776)
	... 75 more
Caused by: java.net.ConnectException: Connection refused: connect
	at java.base/java.net.PlainSocketImpl.connect0(Native Method)
	at java.base/java.net.PlainSocketImpl.socketConnect(PlainSocketImpl.java:101)
	at java.base/java.net.AbstractPlainSocketImpl.doConnect(AbstractPlainSocketImpl.java:412)
	at java.base/java.net.AbstractPlainSocketImpl.connectToAddress(AbstractPlainSocketImpl.java:255)
	at java.base/java.net.AbstractPlainSocketImpl.connect(AbstractPlainSocketImpl.java:237)
	at java.base/java.net.SocksSocketImpl.connect(SocksSocketImpl.java:392)
	at java.base/java.net.Socket.connect(Socket.java:608)
	at org.apache.http.conn.socket.PlainConnectionSocketFactory.connectSocket(PlainConnectionSocketFactory.java:75)
	at org.apache.http.impl.conn.DefaultHttpClientConnectionOperator.connect(DefaultHttpClientConnectionOperator.java:142)
	... 88 more

2022-08-30 00:06:51.300  WARN 18964 --- [RMI TCP Connection(47)-127.0.0.1] c.n.d.s.t.d.RetryableEurekaHttpClient    : Request execution failed with message: I/O error on DELETE request for "http://localhost:9190/eureka/apps/CLINIC-APPLICATION/host.docker.internal:clinic-application:8280": Connect to localhost:9190 [localhost/127.0.0.1, localhost/0:0:0:0:0:0:0:1] failed: Connection refused: connect; nested exception is org.apache.http.conn.HttpHostConnectException: Connect to localhost:9190 [localhost/127.0.0.1, localhost/0:0:0:0:0:0:0:1] failed: Connection refused: connect
2022-08-30 00:06:51.304 DEBUG 18964 --- [RMI TCP Connection(47)-127.0.0.1] o.s.web.client.RestTemplate              : HTTP DELETE http://localhost:9190/eureka/apps/CLINIC-APPLICATION/host.docker.internal:clinic-application:8280
2022-08-30 00:06:51.305 DEBUG 18964 --- [RMI TCP Connection(47)-127.0.0.1] o.s.web.client.RestTemplate              : Accept=[application/json, application/*+json]
2022-08-30 00:06:52.154  INFO 18964 --- [DiscoveryClient-InstanceInfoReplicator-0] c.n.d.s.t.d.RedirectingEurekaHttpClient  : Request execution error. endpoint=DefaultEndpoint{ serviceUrl='http://localhost:9190/eureka/}, exception=I/O error on POST request for "http://localhost:9190/eureka/apps/CLINIC-APPLICATION": Connect to localhost:9190 [localhost/127.0.0.1, localhost/0:0:0:0:0:0:0:1] failed: Connection refused: connect; nested exception is org.apache.http.conn.HttpHostConnectException: Connect to localhost:9190 [localhost/127.0.0.1, localhost/0:0:0:0:0:0:0:1] failed: Connection refused: connect stacktrace=org.springframework.web.client.ResourceAccessException: I/O error on POST request for "http://localhost:9190/eureka/apps/CLINIC-APPLICATION": Connect to localhost:9190 [localhost/127.0.0.1, localhost/0:0:0:0:0:0:0:1] failed: Connection refused: connect; nested exception is org.apache.http.conn.HttpHostConnectException: Connect to localhost:9190 [localhost/127.0.0.1, localhost/0:0:0:0:0:0:0:1] failed: Connection refused: connect
	at org.springframework.web.client.RestTemplate.doExecute(RestTemplate.java:785)
	at org.springframework.web.client.RestTemplate.execute(RestTemplate.java:711)
	at org.springframework.web.client.RestTemplate.exchange(RestTemplate.java:602)
	at org.springframework.cloud.netflix.eureka.http.RestTemplateEurekaHttpClient.register(RestTemplateEurekaHttpClient.java:77)
	at com.netflix.discovery.shared.transport.decorator.EurekaHttpClientDecorator$1.execute(EurekaHttpClientDecorator.java:59)
	at com.netflix.discovery.shared.transport.decorator.RedirectingEurekaHttpClient.executeOnNewServer(RedirectingEurekaHttpClient.java:121)
	at com.netflix.discovery.shared.transport.decorator.RedirectingEurekaHttpClient.execute(RedirectingEurekaHttpClient.java:80)
	at com.netflix.discovery.shared.transport.decorator.EurekaHttpClientDecorator.register(EurekaHttpClientDecorator.java:56)
	at com.netflix.discovery.shared.transport.decorator.EurekaHttpClientDecorator$1.execute(EurekaHttpClientDecorator.java:59)
	at com.netflix.discovery.shared.transport.decorator.RetryableEurekaHttpClient.execute(RetryableEurekaHttpClient.java:120)
	at com.netflix.discovery.shared.transport.decorator.EurekaHttpClientDecorator.register(EurekaHttpClientDecorator.java:56)
	at com.netflix.discovery.shared.transport.decorator.EurekaHttpClientDecorator$1.execute(EurekaHttpClientDecorator.java:59)
	at com.netflix.discovery.shared.transport.decorator.SessionedEurekaHttpClient.execute(SessionedEurekaHttpClient.java:77)
	at com.netflix.discovery.shared.transport.decorator.EurekaHttpClientDecorator.register(EurekaHttpClientDecorator.java:56)
	at com.netflix.discovery.DiscoveryClient.register(DiscoveryClient.java:876)
	at com.netflix.discovery.InstanceInfoReplicator.run(InstanceInfoReplicator.java:121)
	at com.netflix.discovery.InstanceInfoReplicator$1.run(InstanceInfoReplicator.java:101)
	at java.base/java.util.concurrent.Executors$RunnableAdapter.call(Executors.java:515)
	at java.base/java.util.concurrent.FutureTask.run(FutureTask.java:264)
	at java.base/java.util.concurrent.ScheduledThreadPoolExecutor$ScheduledFutureTask.run(ScheduledThreadPoolExecutor.java:304)
	at java.base/java.util.concurrent.ThreadPoolExecutor.runWorker(ThreadPoolExecutor.java:1128)
	at java.base/java.util.concurrent.ThreadPoolExecutor$Worker.run(ThreadPoolExecutor.java:628)
	at java.base/java.lang.Thread.run(Thread.java:834)
Caused by: org.apache.http.conn.HttpHostConnectException: Connect to localhost:9190 [localhost/127.0.0.1, localhost/0:0:0:0:0:0:0:1] failed: Connection refused: connect
	at org.apache.http.impl.conn.DefaultHttpClientConnectionOperator.connect(DefaultHttpClientConnectionOperator.java:156)
	at org.apache.http.impl.conn.PoolingHttpClientConnectionManager.connect(PoolingHttpClientConnectionManager.java:376)
	at org.apache.http.impl.execchain.MainClientExec.establishRoute(MainClientExec.java:393)
	at org.apache.http.impl.execchain.MainClientExec.execute(MainClientExec.java:236)
	at org.apache.http.impl.execchain.ProtocolExec.execute(ProtocolExec.java:186)
	at org.apache.http.impl.execchain.RetryExec.execute(RetryExec.java:89)
	at org.apache.http.impl.execchain.RedirectExec.execute(RedirectExec.java:110)
	at org.apache.http.impl.client.InternalHttpClient.doExecute(InternalHttpClient.java:185)
	at org.apache.http.impl.client.CloseableHttpClient.execute(CloseableHttpClient.java:83)
	at org.apache.http.impl.client.CloseableHttpClient.execute(CloseableHttpClient.java:56)
	at org.springframework.http.client.HttpComponentsClientHttpRequest.executeInternal(HttpComponentsClientHttpRequest.java:87)
	at org.springframework.http.client.AbstractBufferingClientHttpRequest.executeInternal(AbstractBufferingClientHttpRequest.java:48)
	at org.springframework.http.client.AbstractClientHttpRequest.execute(AbstractClientHttpRequest.java:66)
	at org.springframework.web.client.RestTemplate.doExecute(RestTemplate.java:776)
	... 22 more
Caused by: java.net.ConnectException: Connection refused: connect
	at java.base/java.net.PlainSocketImpl.connect0(Native Method)
	at java.base/java.net.PlainSocketImpl.socketConnect(PlainSocketImpl.java:101)
	at java.base/java.net.AbstractPlainSocketImpl.doConnect(AbstractPlainSocketImpl.java:412)
	at java.base/java.net.AbstractPlainSocketImpl.connectToAddress(AbstractPlainSocketImpl.java:255)
	at java.base/java.net.AbstractPlainSocketImpl.connect(AbstractPlainSocketImpl.java:237)
	at java.base/java.net.SocksSocketImpl.connect(SocksSocketImpl.java:392)
	at java.base/java.net.Socket.connect(Socket.java:608)
	at org.apache.http.conn.socket.PlainConnectionSocketFactory.connectSocket(PlainConnectionSocketFactory.java:75)
	at org.apache.http.impl.conn.DefaultHttpClientConnectionOperator.connect(DefaultHttpClientConnectionOperator.java:142)
	... 35 more

2022-08-30 00:06:52.154  WARN 18964 --- [DiscoveryClient-InstanceInfoReplicator-0] c.n.d.s.t.d.RetryableEurekaHttpClient    : Request execution failed with message: I/O error on POST request for "http://localhost:9190/eureka/apps/CLINIC-APPLICATION": Connect to localhost:9190 [localhost/127.0.0.1, localhost/0:0:0:0:0:0:0:1] failed: Connection refused: connect; nested exception is org.apache.http.conn.HttpHostConnectException: Connect to localhost:9190 [localhost/127.0.0.1, localhost/0:0:0:0:0:0:0:1] failed: Connection refused: connect
2022-08-30 00:06:52.158  WARN 18964 --- [DiscoveryClient-InstanceInfoReplicator-0] com.netflix.discovery.DiscoveryClient    : DiscoveryClient_CLINIC-APPLICATION/host.docker.internal:clinic-application:8280 - registration failed Cannot execute request on any known server

com.netflix.discovery.shared.transport.TransportException: Cannot execute request on any known server
	at com.netflix.discovery.shared.transport.decorator.RetryableEurekaHttpClient.execute(RetryableEurekaHttpClient.java:112) ~[eureka-client-1.10.17.jar:1.10.17]
	at com.netflix.discovery.shared.transport.decorator.EurekaHttpClientDecorator.register(EurekaHttpClientDecorator.java:56) ~[eureka-client-1.10.17.jar:1.10.17]
	at com.netflix.discovery.shared.transport.decorator.EurekaHttpClientDecorator$1.execute(EurekaHttpClientDecorator.java:59) ~[eureka-client-1.10.17.jar:1.10.17]
	at com.netflix.discovery.shared.transport.decorator.SessionedEurekaHttpClient.execute(SessionedEurekaHttpClient.java:77) ~[eureka-client-1.10.17.jar:1.10.17]
	at com.netflix.discovery.shared.transport.decorator.EurekaHttpClientDecorator.register(EurekaHttpClientDecorator.java:56) ~[eureka-client-1.10.17.jar:1.10.17]
	at com.netflix.discovery.DiscoveryClient.register(DiscoveryClient.java:876) ~[eureka-client-1.10.17.jar:1.10.17]
	at com.netflix.discovery.InstanceInfoReplicator.run(InstanceInfoReplicator.java:121) ~[eureka-client-1.10.17.jar:1.10.17]
	at com.netflix.discovery.InstanceInfoReplicator$1.run(InstanceInfoReplicator.java:101) ~[eureka-client-1.10.17.jar:1.10.17]
	at java.base/java.util.concurrent.Executors$RunnableAdapter.call(Executors.java:515) ~[na:na]
	at java.base/java.util.concurrent.FutureTask.run(FutureTask.java:264) ~[na:na]
	at java.base/java.util.concurrent.ScheduledThreadPoolExecutor$ScheduledFutureTask.run(ScheduledThreadPoolExecutor.java:304) ~[na:na]
	at java.base/java.util.concurrent.ThreadPoolExecutor.runWorker(ThreadPoolExecutor.java:1128) ~[na:na]
	at java.base/java.util.concurrent.ThreadPoolExecutor$Worker.run(ThreadPoolExecutor.java:628) ~[na:na]
	at java.base/java.lang.Thread.run(Thread.java:834) ~[na:na]

2022-08-30 00:06:52.159  WARN 18964 --- [DiscoveryClient-InstanceInfoReplicator-0] c.n.discovery.InstanceInfoReplicator     : There was a problem with the instance info replicator

com.netflix.discovery.shared.transport.TransportException: Cannot execute request on any known server
	at com.netflix.discovery.shared.transport.decorator.RetryableEurekaHttpClient.execute(RetryableEurekaHttpClient.java:112) ~[eureka-client-1.10.17.jar:1.10.17]
	at com.netflix.discovery.shared.transport.decorator.EurekaHttpClientDecorator.register(EurekaHttpClientDecorator.java:56) ~[eureka-client-1.10.17.jar:1.10.17]
	at com.netflix.discovery.shared.transport.decorator.EurekaHttpClientDecorator$1.execute(EurekaHttpClientDecorator.java:59) ~[eureka-client-1.10.17.jar:1.10.17]
	at com.netflix.discovery.shared.transport.decorator.SessionedEurekaHttpClient.execute(SessionedEurekaHttpClient.java:77) ~[eureka-client-1.10.17.jar:1.10.17]
	at com.netflix.discovery.shared.transport.decorator.EurekaHttpClientDecorator.register(EurekaHttpClientDecorator.java:56) ~[eureka-client-1.10.17.jar:1.10.17]
	at com.netflix.discovery.DiscoveryClient.register(DiscoveryClient.java:876) ~[eureka-client-1.10.17.jar:1.10.17]
	at com.netflix.discovery.InstanceInfoReplicator.run(InstanceInfoReplicator.java:121) ~[eureka-client-1.10.17.jar:1.10.17]
	at com.netflix.discovery.InstanceInfoReplicator$1.run(InstanceInfoReplicator.java:101) ~[eureka-client-1.10.17.jar:1.10.17]
	at java.base/java.util.concurrent.Executors$RunnableAdapter.call(Executors.java:515) ~[na:na]
	at java.base/java.util.concurrent.FutureTask.run(FutureTask.java:264) ~[na:na]
	at java.base/java.util.concurrent.ScheduledThreadPoolExecutor$ScheduledFutureTask.run(ScheduledThreadPoolExecutor.java:304) ~[na:na]
	at java.base/java.util.concurrent.ThreadPoolExecutor.runWorker(ThreadPoolExecutor.java:1128) ~[na:na]
	at java.base/java.util.concurrent.ThreadPoolExecutor$Worker.run(ThreadPoolExecutor.java:628) ~[na:na]
	at java.base/java.lang.Thread.run(Thread.java:834) ~[na:na]

